2025-05-29T00:00:00.032+09:00  INFO 58438 --- [AOD] [scheduling-1] c.e.AOD.movie.CGV.service.CGVService     : 일일 자동 크롤링 작업 시작: 2025-05-29T00:00:00.031899
2025-05-29T00:00:00.034+09:00  INFO 58438 --- [AOD] [scheduling-1] c.e.AOD.movie.CGV.crawler.CgvCrawler     : CGV 전체 영화 크롤링 시작
2025-05-29T00:00:00.060+09:00 ERROR 58438 --- [AOD] [scheduling-1] c.e.AOD.movie.CGV.crawler.CgvCrawler     : Selenium 크롤링 오류: Unable to obtain: chromedriver, error chromedriver must exist: C:\Users\oms01\OneDrive\바탕 화면\Develop\projects\webtoon\src\main\resources\static\chromedriver.exe
For documentation on this error, please visit: https://www.selenium.dev/documentation/webdriver/troubleshooting/errors/driver_location/
Build info: version: '4.25.0', revision: '8a8aea2337'
System info: os.name: 'Mac OS X', os.arch: 'aarch64', os.version: '15.5', java.version: '17.0.14'
Driver info: driver.version: ChromeDriver

org.openqa.selenium.remote.NoSuchDriverException: Unable to obtain: chromedriver, error chromedriver must exist: C:\Users\oms01\OneDrive\바탕 화면\Develop\projects\webtoon\src\main\resources\static\chromedriver.exe
For documentation on this error, please visit: https://www.selenium.dev/documentation/webdriver/troubleshooting/errors/driver_location/
Build info: version: '4.25.0', revision: '8a8aea2337'
System info: os.name: 'Mac OS X', os.arch: 'aarch64', os.version: '15.5', java.version: '17.0.14'
Driver info: driver.version: ChromeDriver
	at org.openqa.selenium.remote.service.DriverFinder.getBinaryPaths(DriverFinder.java:121) ~[selenium-remote-driver-4.25.0.jar:na]
	at org.openqa.selenium.remote.service.DriverFinder.getDriverPath(DriverFinder.java:55) ~[selenium-remote-driver-4.25.0.jar:na]
	at org.openqa.selenium.chrome.ChromeDriver.generateExecutor(ChromeDriver.java:99) ~[selenium-chrome-driver-4.25.0.jar:na]
	at org.openqa.selenium.chrome.ChromeDriver.<init>(ChromeDriver.java:88) ~[selenium-chrome-driver-4.25.0.jar:na]
	at org.openqa.selenium.chrome.ChromeDriver.<init>(ChromeDriver.java:83) ~[selenium-chrome-driver-4.25.0.jar:na]
	at org.openqa.selenium.chrome.ChromeDriver.<init>(ChromeDriver.java:72) ~[selenium-chrome-driver-4.25.0.jar:na]
	at com.example.AOD.util.ChromeDriverProvider.getDriver(ChromeDriverProvider.java:31) ~[main/:na]
	at com.example.AOD.movie.CGV.crawler.CgvCrawler.crawlAll(CgvCrawler.java:55) ~[main/:na]
	at com.example.AOD.movie.CGV.service.CGVService.scheduledDailyCrawl(CGVService.java:78) ~[main/:na]
	at java.base/jdk.internal.reflect.NativeMethodAccessorImpl.invoke0(Native Method) ~[na:na]
	at java.base/jdk.internal.reflect.NativeMethodAccessorImpl.invoke(NativeMethodAccessorImpl.java:77) ~[na:na]
	at java.base/jdk.internal.reflect.DelegatingMethodAccessorImpl.invoke(DelegatingMethodAccessorImpl.java:43) ~[na:na]
	at java.base/java.lang.reflect.Method.invoke(Method.java:569) ~[na:na]
	at org.springframework.aop.support.AopUtils.invokeJoinpointUsingReflection(AopUtils.java:359) ~[spring-aop-6.2.5.jar:6.2.5]
	at org.springframework.aop.framework.ReflectiveMethodInvocation.invokeJoinpoint(ReflectiveMethodInvocation.java:196) ~[spring-aop-6.2.5.jar:6.2.5]
	at org.springframework.aop.framework.ReflectiveMethodInvocation.proceed(ReflectiveMethodInvocation.java:163) ~[spring-aop-6.2.5.jar:6.2.5]
	at org.springframework.transaction.interceptor.TransactionAspectSupport.invokeWithinTransaction(TransactionAspectSupport.java:380) ~[spring-tx-6.2.5.jar:6.2.5]
	at org.springframework.transaction.interceptor.TransactionInterceptor.invoke(TransactionInterceptor.java:119) ~[spring-tx-6.2.5.jar:6.2.5]
	at org.springframework.aop.framework.ReflectiveMethodInvocation.proceed(ReflectiveMethodInvocation.java:184) ~[spring-aop-6.2.5.jar:6.2.5]
	at org.springframework.aop.framework.CglibAopProxy$DynamicAdvisedInterceptor.intercept(CglibAopProxy.java:727) ~[spring-aop-6.2.5.jar:6.2.5]
	at com.example.AOD.movie.CGV.service.CGVService$$SpringCGLIB$$0.scheduledDailyCrawl(<generated>) ~[main/:na]
	at java.base/jdk.internal.reflect.NativeMethodAccessorImpl.invoke0(Native Method) ~[na:na]
	at java.base/jdk.internal.reflect.NativeMethodAccessorImpl.invoke(NativeMethodAccessorImpl.java:77) ~[na:na]
	at java.base/jdk.internal.reflect.DelegatingMethodAccessorImpl.invoke(DelegatingMethodAccessorImpl.java:43) ~[na:na]
	at java.base/java.lang.reflect.Method.invoke(Method.java:569) ~[na:na]
	at org.springframework.scheduling.support.ScheduledMethodRunnable.runInternal(ScheduledMethodRunnable.java:130) ~[spring-context-6.2.5.jar:6.2.5]
	at org.springframework.scheduling.support.ScheduledMethodRunnable.lambda$run$2(ScheduledMethodRunnable.java:124) ~[spring-context-6.2.5.jar:6.2.5]
	at io.micrometer.observation.Observation.observe(Observation.java:498) ~[micrometer-observation-1.14.5.jar:1.14.5]
	at org.springframework.scheduling.support.ScheduledMethodRunnable.run(ScheduledMethodRunnable.java:124) ~[spring-context-6.2.5.jar:6.2.5]
	at org.springframework.scheduling.config.Task$OutcomeTrackingRunnable.run(Task.java:85) ~[spring-context-6.2.5.jar:6.2.5]
	at org.springframework.scheduling.support.DelegatingErrorHandlingRunnable.run(DelegatingErrorHandlingRunnable.java:54) ~[spring-context-6.2.5.jar:6.2.5]
	at org.springframework.scheduling.concurrent.ReschedulingRunnable.run(ReschedulingRunnable.java:96) ~[spring-context-6.2.5.jar:6.2.5]
	at java.base/java.util.concurrent.Executors$RunnableAdapter.call(Executors.java:539) ~[na:na]
	at java.base/java.util.concurrent.FutureTask.run(FutureTask.java:264) ~[na:na]
	at java.base/java.util.concurrent.ScheduledThreadPoolExecutor$ScheduledFutureTask.run(ScheduledThreadPoolExecutor.java:304) ~[na:na]
	at java.base/java.util.concurrent.ThreadPoolExecutor.runWorker(ThreadPoolExecutor.java:1136) ~[na:na]
	at java.base/java.util.concurrent.ThreadPoolExecutor$Worker.run(ThreadPoolExecutor.java:635) ~[na:na]
	at java.base/java.lang.Thread.run(Thread.java:840) ~[na:na]
Caused by: java.lang.IllegalStateException: chromedriver must exist: C:\Users\oms01\OneDrive\바탕 화면\Develop\projects\webtoon\src\main\resources\static\chromedriver.exe
	at org.openqa.selenium.internal.Require$PathStateChecker.isExecutable(Require.java:478) ~[selenium-api-4.25.0.jar:na]
	at org.openqa.selenium.remote.service.DriverFinder.getBinaryPaths(DriverFinder.java:118) ~[selenium-remote-driver-4.25.0.jar:na]
	... 37 common frames omitted

2025-05-29T00:00:00.064+09:00  INFO 58438 --- [AOD] [scheduling-1] c.e.AOD.movie.CGV.service.CGVService     : 일일 자동 크롤링 작업 완료. 소요 시간: 0초, 0개 신규 영화 저장됨
2025-05-29T00:00:00.064+09:00  INFO 58438 --- [AOD] [scheduling-1] c.e.AOD.movie.CGV.service.CGVService     : 오늘은 추가된 신규 영화가 없습니다.
2025-05-29T00:00:00.067+09:00  INFO 58438 --- [AOD] [scheduling-1] .s.a.AnnotationAsyncExecutionInterceptor : More than one TaskExecutor bean found within the context, and none is named 'taskExecutor'. Mark one of them as primary or name it 'taskExecutor' (possibly as an alias) in order to use it for async processing: [recommendationTaskExecutor, taskScheduler]
2025-05-29T00:00:00.069+09:00 ERROR 58438 --- [AOD] [SimpleAsyncTaskExecutor-1] .a.i.SimpleAsyncUncaughtExceptionHandler : Unexpected exception occurred invoking async method: public void com.example.AOD.Webtoon.NaverWebtoon.service.WebtoonService.crawlNewWebtoons() throws java.lang.InterruptedException,java.awt.AWTException

org.openqa.selenium.remote.NoSuchDriverException: Unable to obtain: chromedriver, error chromedriver must exist: C:\Users\oms01\OneDrive\바탕 화면\Develop\projects\webtoon\src\main\resources\static\chromedriver.exe
For documentation on this error, please visit: https://www.selenium.dev/documentation/webdriver/troubleshooting/errors/driver_location/
Build info: version: '4.25.0', revision: '8a8aea2337'
System info: os.name: 'Mac OS X', os.arch: 'aarch64', os.version: '15.5', java.version: '17.0.14'
Driver info: driver.version: ChromeDriver
	at org.openqa.selenium.remote.service.DriverFinder.getBinaryPaths(DriverFinder.java:121) ~[selenium-remote-driver-4.25.0.jar:na]
	at org.openqa.selenium.remote.service.DriverFinder.getDriverPath(DriverFinder.java:55) ~[selenium-remote-driver-4.25.0.jar:na]
	at org.openqa.selenium.chrome.ChromeDriver.generateExecutor(ChromeDriver.java:99) ~[selenium-chrome-driver-4.25.0.jar:na]
	at org.openqa.selenium.chrome.ChromeDriver.<init>(ChromeDriver.java:88) ~[selenium-chrome-driver-4.25.0.jar:na]
	at org.openqa.selenium.chrome.ChromeDriver.<init>(ChromeDriver.java:83) ~[selenium-chrome-driver-4.25.0.jar:na]
	at org.openqa.selenium.chrome.ChromeDriver.<init>(ChromeDriver.java:72) ~[selenium-chrome-driver-4.25.0.jar:na]
	at com.example.AOD.util.ChromeDriverProvider.getDriver(ChromeDriverProvider.java:31) ~[main/:na]
	at com.example.AOD.Webtoon.NaverWebtoon.service.WebtoonService.crawlNewWebtoons(WebtoonService.java:77) ~[main/:na]
	at java.base/jdk.internal.reflect.NativeMethodAccessorImpl.invoke0(Native Method) ~[na:na]
	at java.base/jdk.internal.reflect.NativeMethodAccessorImpl.invoke(NativeMethodAccessorImpl.java:77) ~[na:na]
	at java.base/jdk.internal.reflect.DelegatingMethodAccessorImpl.invoke(DelegatingMethodAccessorImpl.java:43) ~[na:na]
	at java.base/java.lang.reflect.Method.invoke(Method.java:569) ~[na:na]
	at org.springframework.aop.support.AopUtils.invokeJoinpointUsingReflection(AopUtils.java:359) ~[spring-aop-6.2.5.jar:6.2.5]
	at org.springframework.aop.framework.ReflectiveMethodInvocation.invokeJoinpoint(ReflectiveMethodInvocation.java:196) ~[spring-aop-6.2.5.jar:6.2.5]
	at org.springframework.aop.framework.ReflectiveMethodInvocation.proceed(ReflectiveMethodInvocation.java:163) ~[spring-aop-6.2.5.jar:6.2.5]
	at org.springframework.transaction.interceptor.TransactionAspectSupport.invokeWithinTransaction(TransactionAspectSupport.java:380) ~[spring-tx-6.2.5.jar:6.2.5]
	at org.springframework.transaction.interceptor.TransactionInterceptor.invoke(TransactionInterceptor.java:119) ~[spring-tx-6.2.5.jar:6.2.5]
	at org.springframework.aop.framework.ReflectiveMethodInvocation.proceed(ReflectiveMethodInvocation.java:184) ~[spring-aop-6.2.5.jar:6.2.5]
	at org.springframework.aop.interceptor.AsyncExecutionInterceptor.lambda$invoke$0(AsyncExecutionInterceptor.java:114) ~[spring-aop-6.2.5.jar:6.2.5]
	at java.base/java.util.concurrent.FutureTask.run(FutureTask.java:264) ~[na:na]
	at java.base/java.lang.Thread.run(Thread.java:840) ~[na:na]
Caused by: java.lang.IllegalStateException: chromedriver must exist: C:\Users\oms01\OneDrive\바탕 화면\Develop\projects\webtoon\src\main\resources\static\chromedriver.exe
	at org.openqa.selenium.internal.Require$PathStateChecker.isExecutable(Require.java:478) ~[selenium-api-4.25.0.jar:na]
	at org.openqa.selenium.remote.service.DriverFinder.getBinaryPaths(DriverFinder.java:118) ~[selenium-remote-driver-4.25.0.jar:na]
	... 20 common frames omitted

2025-05-29T00:01:21.334+09:00  INFO 58438 --- [AOD] [SpringApplicationShutdownHook] o.s.b.w.e.tomcat.GracefulShutdown        : Commencing graceful shutdown. Waiting for active requests to complete
2025-05-29T00:01:21.340+09:00  INFO 58438 --- [AOD] [tomcat-shutdown] o.s.b.w.e.tomcat.GracefulShutdown        : Graceful shutdown complete
2025-05-29T00:01:21.362+09:00  INFO 58438 --- [AOD] [SpringApplicationShutdownHook] j.LocalContainerEntityManagerFactoryBean : Closing JPA EntityManagerFactory for persistence unit 'default'
2025-05-29T00:01:21.364+09:00  INFO 58438 --- [AOD] [SpringApplicationShutdownHook] com.zaxxer.hikari.HikariDataSource       : HikariPool-1 - Shutdown initiated...
2025-05-29T00:01:21.365+09:00  INFO 58438 --- [AOD] [SpringApplicationShutdownHook] com.zaxxer.hikari.HikariDataSource       : HikariPool-1 - Shutdown completed.
2025-05-29T00:01:23.994+09:00  INFO 85298 --- [AOD] [main] com.example.AOD.AodApplication           : Starting AodApplication using Java 17.0.14 with PID 85298 (/Users/kang/-AOD-All-of-Dopamine-back/build/classes/java/main started by kang in /Users/kang/-AOD-All-of-Dopamine-back)
2025-05-29T00:01:23.995+09:00 DEBUG 85298 --- [AOD] [main] com.example.AOD.AodApplication           : Running with Spring Boot v3.4.4, Spring v6.2.5
2025-05-29T00:01:23.996+09:00  INFO 85298 --- [AOD] [main] com.example.AOD.AodApplication           : No active profile set, falling back to 1 default profile: "default"
2025-05-29T00:01:24.310+09:00  INFO 85298 --- [AOD] [main] .s.d.r.c.RepositoryConfigurationDelegate : Bootstrapping Spring Data JPA repositories in DEFAULT mode.
2025-05-29T00:01:24.394+09:00  INFO 85298 --- [AOD] [main] .s.d.r.c.RepositoryConfigurationDelegate : Finished Spring Data repository scanning in 79 ms. Found 30 JPA repository interfaces.
2025-05-29T00:01:24.663+09:00  INFO 85298 --- [AOD] [main] o.s.b.w.embedded.tomcat.TomcatWebServer  : Tomcat initialized with port 8080 (http)
2025-05-29T00:01:24.668+09:00  INFO 85298 --- [AOD] [main] o.apache.catalina.core.StandardService   : Starting service [Tomcat]
2025-05-29T00:01:24.668+09:00  INFO 85298 --- [AOD] [main] o.apache.catalina.core.StandardEngine    : Starting Servlet engine: [Apache Tomcat/10.1.39]
2025-05-29T00:01:24.688+09:00  INFO 85298 --- [AOD] [main] o.a.c.c.C.[Tomcat].[localhost].[/]       : Initializing Spring embedded WebApplicationContext
2025-05-29T00:01:24.688+09:00  INFO 85298 --- [AOD] [main] w.s.c.ServletWebServerApplicationContext : Root WebApplicationContext: initialization completed in 671 ms
2025-05-29T00:01:24.718+09:00 DEBUG 85298 --- [AOD] [main] c.e.A.security.JwtAuthenticationFilter   : Filter 'jwtAuthenticationFilter' configured for use
2025-05-29T00:01:24.773+09:00  INFO 85298 --- [AOD] [main] o.hibernate.jpa.internal.util.LogHelper  : HHH000204: Processing PersistenceUnitInfo [name: default]
2025-05-29T00:01:24.798+09:00  INFO 85298 --- [AOD] [main] org.hibernate.Version                    : HHH000412: Hibernate ORM core version 6.6.11.Final
2025-05-29T00:01:24.810+09:00  INFO 85298 --- [AOD] [main] o.h.c.internal.RegionFactoryInitiator    : HHH000026: Second-level cache disabled
2025-05-29T00:01:24.925+09:00  INFO 85298 --- [AOD] [main] o.s.o.j.p.SpringPersistenceUnitInfo      : No LoadTimeWeaver setup: ignoring JPA class transformer
2025-05-29T00:01:24.938+09:00  INFO 85298 --- [AOD] [main] com.zaxxer.hikari.HikariDataSource       : HikariPool-1 - Starting...
2025-05-29T00:01:24.995+09:00  INFO 85298 --- [AOD] [main] com.zaxxer.hikari.pool.HikariPool        : HikariPool-1 - Added connection org.postgresql.jdbc.PgConnection@29532e91
2025-05-29T00:01:24.996+09:00  INFO 85298 --- [AOD] [main] com.zaxxer.hikari.HikariDataSource       : HikariPool-1 - Start completed.
2025-05-29T00:01:25.016+09:00  WARN 85298 --- [AOD] [main] org.hibernate.orm.deprecation            : HHH90000025: PostgreSQLDialect does not need to be specified explicitly using 'hibernate.dialect' (remove the property setting and it will be selected by default)
2025-05-29T00:01:25.023+09:00  INFO 85298 --- [AOD] [main] org.hibernate.orm.connections.pooling    : HHH10001005: Database info:
	Database JDBC URL [Connecting through datasource 'HikariDataSource (HikariPool-1)']
	Database driver: undefined/unknown
	Database version: 17.5
	Autocommit mode: undefined/unknown
	Isolation level: undefined/unknown
	Minimum pool size: undefined/unknown
	Maximum pool size: undefined/unknown
2025-05-29T00:01:25.502+09:00  INFO 85298 --- [AOD] [main] o.h.e.t.j.p.i.JtaPlatformInitiator       : HHH000489: No JTA platform available (set 'hibernate.transaction.jta.platform' to enable JTA platform integration)
2025-05-29T00:01:25.753+09:00  INFO 85298 --- [AOD] [main] j.LocalContainerEntityManagerFactoryBean : Initialized JPA EntityManagerFactory for persistence unit 'default'
2025-05-29T00:01:26.157+09:00  INFO 85298 --- [AOD] [main] o.s.d.j.r.query.QueryEnhancerFactory     : Hibernate is in classpath; If applicable, HQL parser will be used.
2025-05-29T00:01:26.516+09:00  WARN 85298 --- [AOD] [main] JpaBaseConfiguration$JpaWebConfiguration : spring.jpa.open-in-view is enabled by default. Therefore, database queries may be performed during view rendering. Explicitly configure spring.jpa.open-in-view to disable this warning
2025-05-29T00:01:26.529+09:00  WARN 85298 --- [AOD] [main] .s.s.UserDetailsServiceAutoConfiguration : 

Using generated security password: f9c2f08e-dddb-4e7a-afb6-cc79dac76bb5

This generated password is for development use only. Your security configuration must be updated before running your application in production.

2025-05-29T00:01:26.532+09:00  INFO 85298 --- [AOD] [main] r$InitializeUserDetailsManagerConfigurer : Global AuthenticationManager configured with UserDetailsService bean with name inMemoryUserDetailsManager
2025-05-29T00:01:26.863+09:00  INFO 85298 --- [AOD] [main] o.s.b.w.embedded.tomcat.TomcatWebServer  : Tomcat started on port 8080 (http) with context path '/'
2025-05-29T00:01:26.869+09:00  INFO 85298 --- [AOD] [main] com.example.AOD.AodApplication           : Started AodApplication in 3.026 seconds (process running for 3.338)
2025-05-29T00:01:34.299+09:00  INFO 85298 --- [AOD] [http-nio-8080-exec-1] o.a.c.c.C.[Tomcat].[localhost].[/]       : Initializing Spring DispatcherServlet 'dispatcherServlet'
2025-05-29T00:01:34.299+09:00  INFO 85298 --- [AOD] [http-nio-8080-exec-1] o.s.web.servlet.DispatcherServlet        : Initializing Servlet 'dispatcherServlet'
2025-05-29T00:01:34.301+09:00  INFO 85298 --- [AOD] [http-nio-8080-exec-1] o.s.web.servlet.DispatcherServlet        : Completed initialization in 2 ms
2025-05-29T00:03:17.291+09:00  INFO 85298 --- [AOD] [SpringApplicationShutdownHook] o.s.b.w.e.tomcat.GracefulShutdown        : Commencing graceful shutdown. Waiting for active requests to complete
2025-05-29T00:03:17.295+09:00  INFO 85298 --- [AOD] [tomcat-shutdown] o.s.b.w.e.tomcat.GracefulShutdown        : Graceful shutdown complete
2025-05-29T00:03:17.314+09:00  INFO 85298 --- [AOD] [SpringApplicationShutdownHook] j.LocalContainerEntityManagerFactoryBean : Closing JPA EntityManagerFactory for persistence unit 'default'
2025-05-29T00:03:17.316+09:00  INFO 85298 --- [AOD] [SpringApplicationShutdownHook] com.zaxxer.hikari.HikariDataSource       : HikariPool-1 - Shutdown initiated...
2025-05-29T00:03:17.317+09:00  INFO 85298 --- [AOD] [SpringApplicationShutdownHook] com.zaxxer.hikari.HikariDataSource       : HikariPool-1 - Shutdown completed.
2025-05-29T00:03:23.546+09:00  INFO 87084 --- [AOD] [main] com.example.AOD.AodApplication           : Starting AodApplication using Java 17.0.14 with PID 87084 (/Users/kang/-AOD-All-of-Dopamine-back/build/classes/java/main started by kang in /Users/kang/-AOD-All-of-Dopamine-back)
2025-05-29T00:03:23.548+09:00 DEBUG 87084 --- [AOD] [main] com.example.AOD.AodApplication           : Running with Spring Boot v3.4.4, Spring v6.2.5
2025-05-29T00:03:23.548+09:00  INFO 87084 --- [AOD] [main] com.example.AOD.AodApplication           : No active profile set, falling back to 1 default profile: "default"
2025-05-29T00:03:23.930+09:00  INFO 87084 --- [AOD] [main] .s.d.r.c.RepositoryConfigurationDelegate : Bootstrapping Spring Data JPA repositories in DEFAULT mode.
2025-05-29T00:03:24.056+09:00  INFO 87084 --- [AOD] [main] .s.d.r.c.RepositoryConfigurationDelegate : Finished Spring Data repository scanning in 118 ms. Found 30 JPA repository interfaces.
2025-05-29T00:03:24.404+09:00  INFO 87084 --- [AOD] [main] o.s.b.w.embedded.tomcat.TomcatWebServer  : Tomcat initialized with port 8080 (http)
2025-05-29T00:03:24.413+09:00  INFO 87084 --- [AOD] [main] o.apache.catalina.core.StandardService   : Starting service [Tomcat]
2025-05-29T00:03:24.413+09:00  INFO 87084 --- [AOD] [main] o.apache.catalina.core.StandardEngine    : Starting Servlet engine: [Apache Tomcat/10.1.39]
2025-05-29T00:03:24.457+09:00  INFO 87084 --- [AOD] [main] o.a.c.c.C.[Tomcat].[localhost].[/]       : Initializing Spring embedded WebApplicationContext
2025-05-29T00:03:24.458+09:00  INFO 87084 --- [AOD] [main] w.s.c.ServletWebServerApplicationContext : Root WebApplicationContext: initialization completed in 890 ms
2025-05-29T00:03:24.510+09:00 DEBUG 87084 --- [AOD] [main] c.e.A.security.JwtAuthenticationFilter   : Filter 'jwtAuthenticationFilter' configured for use
2025-05-29T00:03:24.579+09:00  INFO 87084 --- [AOD] [main] o.hibernate.jpa.internal.util.LogHelper  : HHH000204: Processing PersistenceUnitInfo [name: default]
2025-05-29T00:03:24.606+09:00  INFO 87084 --- [AOD] [main] org.hibernate.Version                    : HHH000412: Hibernate ORM core version 6.6.11.Final
2025-05-29T00:03:24.620+09:00  INFO 87084 --- [AOD] [main] o.h.c.internal.RegionFactoryInitiator    : HHH000026: Second-level cache disabled
2025-05-29T00:03:24.750+09:00  INFO 87084 --- [AOD] [main] o.s.o.j.p.SpringPersistenceUnitInfo      : No LoadTimeWeaver setup: ignoring JPA class transformer
2025-05-29T00:03:24.763+09:00  INFO 87084 --- [AOD] [main] com.zaxxer.hikari.HikariDataSource       : HikariPool-1 - Starting...
2025-05-29T00:03:24.846+09:00  INFO 87084 --- [AOD] [main] com.zaxxer.hikari.pool.HikariPool        : HikariPool-1 - Added connection org.postgresql.jdbc.PgConnection@7e691624
2025-05-29T00:03:24.846+09:00  INFO 87084 --- [AOD] [main] com.zaxxer.hikari.HikariDataSource       : HikariPool-1 - Start completed.
2025-05-29T00:03:24.862+09:00  WARN 87084 --- [AOD] [main] org.hibernate.orm.deprecation            : HHH90000025: PostgreSQLDialect does not need to be specified explicitly using 'hibernate.dialect' (remove the property setting and it will be selected by default)
2025-05-29T00:03:24.870+09:00  INFO 87084 --- [AOD] [main] org.hibernate.orm.connections.pooling    : HHH10001005: Database info:
	Database JDBC URL [Connecting through datasource 'HikariDataSource (HikariPool-1)']
	Database driver: undefined/unknown
	Database version: 17.5
	Autocommit mode: undefined/unknown
	Isolation level: undefined/unknown
	Minimum pool size: undefined/unknown
	Maximum pool size: undefined/unknown
2025-05-29T00:03:25.511+09:00  INFO 87084 --- [AOD] [main] o.h.e.t.j.p.i.JtaPlatformInitiator       : HHH000489: No JTA platform available (set 'hibernate.transaction.jta.platform' to enable JTA platform integration)
2025-05-29T00:03:25.980+09:00  INFO 87084 --- [AOD] [main] j.LocalContainerEntityManagerFactoryBean : Initialized JPA EntityManagerFactory for persistence unit 'default'
2025-05-29T00:03:26.676+09:00  INFO 87084 --- [AOD] [main] o.s.d.j.r.query.QueryEnhancerFactory     : Hibernate is in classpath; If applicable, HQL parser will be used.
2025-05-29T00:03:27.057+09:00  WARN 87084 --- [AOD] [main] JpaBaseConfiguration$JpaWebConfiguration : spring.jpa.open-in-view is enabled by default. Therefore, database queries may be performed during view rendering. Explicitly configure spring.jpa.open-in-view to disable this warning
2025-05-29T00:03:27.072+09:00  WARN 87084 --- [AOD] [main] .s.s.UserDetailsServiceAutoConfiguration : 

Using generated security password: 66fa3f6c-799d-466a-a477-eded6dbae07f

This generated password is for development use only. Your security configuration must be updated before running your application in production.

2025-05-29T00:03:27.075+09:00  INFO 87084 --- [AOD] [main] r$InitializeUserDetailsManagerConfigurer : Global AuthenticationManager configured with UserDetailsService bean with name inMemoryUserDetailsManager
2025-05-29T00:03:27.475+09:00  INFO 87084 --- [AOD] [main] o.s.b.w.embedded.tomcat.TomcatWebServer  : Tomcat started on port 8080 (http) with context path '/'
2025-05-29T00:03:27.481+09:00  INFO 87084 --- [AOD] [main] com.example.AOD.AodApplication           : Started AodApplication in 4.108 seconds (process running for 4.364)
2025-05-29T00:03:27.481+09:00  INFO 87084 --- [AOD] [SpringApplicationShutdownHook] o.s.b.w.e.tomcat.GracefulShutdown        : Commencing graceful shutdown. Waiting for active requests to complete
2025-05-29T00:03:27.484+09:00  INFO 87084 --- [AOD] [tomcat-shutdown] o.s.b.w.e.tomcat.GracefulShutdown        : Graceful shutdown complete
2025-05-29T00:03:27.501+09:00  INFO 87084 --- [AOD] [SpringApplicationShutdownHook] j.LocalContainerEntityManagerFactoryBean : Closing JPA EntityManagerFactory for persistence unit 'default'
2025-05-29T00:03:27.502+09:00  INFO 87084 --- [AOD] [SpringApplicationShutdownHook] com.zaxxer.hikari.HikariDataSource       : HikariPool-1 - Shutdown initiated...
2025-05-29T00:03:27.507+09:00  INFO 87084 --- [AOD] [SpringApplicationShutdownHook] com.zaxxer.hikari.HikariDataSource       : HikariPool-1 - Shutdown completed.
2025-05-29T00:03:28.821+09:00  INFO 87127 --- [AOD] [main] com.example.AOD.AodApplication           : Starting AodApplication using Java 17.0.14 with PID 87127 (/Users/kang/-AOD-All-of-Dopamine-back/build/classes/java/main started by kang in /Users/kang/-AOD-All-of-Dopamine-back)
2025-05-29T00:03:28.822+09:00 DEBUG 87127 --- [AOD] [main] com.example.AOD.AodApplication           : Running with Spring Boot v3.4.4, Spring v6.2.5
2025-05-29T00:03:28.822+09:00  INFO 87127 --- [AOD] [main] com.example.AOD.AodApplication           : No active profile set, falling back to 1 default profile: "default"
2025-05-29T00:03:29.197+09:00  INFO 87127 --- [AOD] [main] .s.d.r.c.RepositoryConfigurationDelegate : Bootstrapping Spring Data JPA repositories in DEFAULT mode.
2025-05-29T00:03:29.280+09:00  INFO 87127 --- [AOD] [main] .s.d.r.c.RepositoryConfigurationDelegate : Finished Spring Data repository scanning in 77 ms. Found 30 JPA repository interfaces.
2025-05-29T00:03:29.554+09:00  INFO 87127 --- [AOD] [main] o.s.b.w.embedded.tomcat.TomcatWebServer  : Tomcat initialized with port 8080 (http)
2025-05-29T00:03:29.560+09:00  INFO 87127 --- [AOD] [main] o.apache.catalina.core.StandardService   : Starting service [Tomcat]
2025-05-29T00:03:29.560+09:00  INFO 87127 --- [AOD] [main] o.apache.catalina.core.StandardEngine    : Starting Servlet engine: [Apache Tomcat/10.1.39]
2025-05-29T00:03:29.584+09:00  INFO 87127 --- [AOD] [main] o.a.c.c.C.[Tomcat].[localhost].[/]       : Initializing Spring embedded WebApplicationContext
2025-05-29T00:03:29.594+09:00  INFO 87127 --- [AOD] [main] w.s.c.ServletWebServerApplicationContext : Root WebApplicationContext: initialization completed in 752 ms
2025-05-29T00:03:29.626+09:00 DEBUG 87127 --- [AOD] [main] c.e.A.security.JwtAuthenticationFilter   : Filter 'jwtAuthenticationFilter' configured for use
2025-05-29T00:03:29.680+09:00  INFO 87127 --- [AOD] [main] o.hibernate.jpa.internal.util.LogHelper  : HHH000204: Processing PersistenceUnitInfo [name: default]
2025-05-29T00:03:29.702+09:00  INFO 87127 --- [AOD] [main] org.hibernate.Version                    : HHH000412: Hibernate ORM core version 6.6.11.Final
2025-05-29T00:03:29.714+09:00  INFO 87127 --- [AOD] [main] o.h.c.internal.RegionFactoryInitiator    : HHH000026: Second-level cache disabled
2025-05-29T00:03:29.811+09:00  INFO 87127 --- [AOD] [main] o.s.o.j.p.SpringPersistenceUnitInfo      : No LoadTimeWeaver setup: ignoring JPA class transformer
2025-05-29T00:03:29.822+09:00  INFO 87127 --- [AOD] [main] com.zaxxer.hikari.HikariDataSource       : HikariPool-1 - Starting...
2025-05-29T00:03:29.872+09:00  INFO 87127 --- [AOD] [main] com.zaxxer.hikari.pool.HikariPool        : HikariPool-1 - Added connection org.postgresql.jdbc.PgConnection@23358740
2025-05-29T00:03:29.872+09:00  INFO 87127 --- [AOD] [main] com.zaxxer.hikari.HikariDataSource       : HikariPool-1 - Start completed.
2025-05-29T00:03:29.883+09:00  WARN 87127 --- [AOD] [main] org.hibernate.orm.deprecation            : HHH90000025: PostgreSQLDialect does not need to be specified explicitly using 'hibernate.dialect' (remove the property setting and it will be selected by default)
2025-05-29T00:03:29.889+09:00  INFO 87127 --- [AOD] [main] org.hibernate.orm.connections.pooling    : HHH10001005: Database info:
	Database JDBC URL [Connecting through datasource 'HikariDataSource (HikariPool-1)']
	Database driver: undefined/unknown
	Database version: 17.5
	Autocommit mode: undefined/unknown
	Isolation level: undefined/unknown
	Minimum pool size: undefined/unknown
	Maximum pool size: undefined/unknown
2025-05-29T00:03:30.352+09:00  INFO 87127 --- [AOD] [main] o.h.e.t.j.p.i.JtaPlatformInitiator       : HHH000489: No JTA platform available (set 'hibernate.transaction.jta.platform' to enable JTA platform integration)
2025-05-29T00:03:30.587+09:00  INFO 87127 --- [AOD] [main] j.LocalContainerEntityManagerFactoryBean : Initialized JPA EntityManagerFactory for persistence unit 'default'
2025-05-29T00:03:30.978+09:00  INFO 87127 --- [AOD] [main] o.s.d.j.r.query.QueryEnhancerFactory     : Hibernate is in classpath; If applicable, HQL parser will be used.
2025-05-29T00:03:31.360+09:00  WARN 87127 --- [AOD] [main] JpaBaseConfiguration$JpaWebConfiguration : spring.jpa.open-in-view is enabled by default. Therefore, database queries may be performed during view rendering. Explicitly configure spring.jpa.open-in-view to disable this warning
2025-05-29T00:03:31.375+09:00  WARN 87127 --- [AOD] [main] .s.s.UserDetailsServiceAutoConfiguration : 

Using generated security password: 6b419cb2-5824-40dc-aca0-08c1c8a78a73

This generated password is for development use only. Your security configuration must be updated before running your application in production.

2025-05-29T00:03:31.377+09:00  INFO 87127 --- [AOD] [main] r$InitializeUserDetailsManagerConfigurer : Global AuthenticationManager configured with UserDetailsService bean with name inMemoryUserDetailsManager
2025-05-29T00:03:31.566+09:00  INFO 87127 --- [AOD] [main] o.s.v.b.OptionalValidatorFactoryBean     : Failed to set up a Bean Validation provider: jakarta.validation.NoProviderFoundException: Unable to create a Configuration, because no Jakarta Bean Validation provider could be found. Add a provider like Hibernate Validator (RI) to your classpath.
2025-05-29T00:03:31.761+09:00  INFO 87127 --- [AOD] [main] o.s.b.w.embedded.tomcat.TomcatWebServer  : Tomcat started on port 8080 (http) with context path '/'
2025-05-29T00:03:31.768+09:00  INFO 87127 --- [AOD] [main] com.example.AOD.AodApplication           : Started AodApplication in 3.145 seconds (process running for 3.433)
2025-05-29T00:03:36.141+09:00  INFO 87127 --- [AOD] [http-nio-8080-exec-1] o.a.c.c.C.[Tomcat].[localhost].[/]       : Initializing Spring DispatcherServlet 'dispatcherServlet'
2025-05-29T00:03:36.141+09:00  INFO 87127 --- [AOD] [http-nio-8080-exec-1] o.s.web.servlet.DispatcherServlet        : Initializing Servlet 'dispatcherServlet'
2025-05-29T00:03:36.142+09:00  INFO 87127 --- [AOD] [http-nio-8080-exec-1] o.s.web.servlet.DispatcherServlet        : Completed initialization in 1 ms
2025-05-29T00:03:36.514+09:00  INFO 87127 --- [AOD] [http-nio-8080-exec-1] o.springdoc.api.AbstractOpenApiResource  : Init duration for springdoc-openapi is: 215 ms
2025-05-29T00:05:03.969+09:00  INFO 87127 --- [AOD] [SpringApplicationShutdownHook] o.s.b.w.e.tomcat.GracefulShutdown        : Commencing graceful shutdown. Waiting for active requests to complete
2025-05-29T00:05:03.972+09:00  INFO 87127 --- [AOD] [tomcat-shutdown] o.s.b.w.e.tomcat.GracefulShutdown        : Graceful shutdown complete
2025-05-29T00:05:03.985+09:00  INFO 87127 --- [AOD] [SpringApplicationShutdownHook] j.LocalContainerEntityManagerFactoryBean : Closing JPA EntityManagerFactory for persistence unit 'default'
2025-05-29T00:05:03.986+09:00  INFO 87127 --- [AOD] [SpringApplicationShutdownHook] com.zaxxer.hikari.HikariDataSource       : HikariPool-1 - Shutdown initiated...
2025-05-29T00:05:03.987+09:00  INFO 87127 --- [AOD] [SpringApplicationShutdownHook] com.zaxxer.hikari.HikariDataSource       : HikariPool-1 - Shutdown completed.
2025-05-29T00:25:54.895+09:00  INFO 7632 --- [AOD] [main] com.example.AOD.AodApplication           : Starting AodApplication using Java 17.0.14 with PID 7632 (/Users/kang/-AOD-All-of-Dopamine-back/build/classes/java/main started by kang in /Users/kang/-AOD-All-of-Dopamine-back)
2025-05-29T00:25:54.896+09:00 DEBUG 7632 --- [AOD] [main] com.example.AOD.AodApplication           : Running with Spring Boot v3.4.4, Spring v6.2.5
2025-05-29T00:25:54.896+09:00  INFO 7632 --- [AOD] [main] com.example.AOD.AodApplication           : No active profile set, falling back to 1 default profile: "default"
2025-05-29T00:25:55.232+09:00  INFO 7632 --- [AOD] [main] .s.d.r.c.RepositoryConfigurationDelegate : Bootstrapping Spring Data JPA repositories in DEFAULT mode.
2025-05-29T00:25:55.321+09:00  INFO 7632 --- [AOD] [main] .s.d.r.c.RepositoryConfigurationDelegate : Finished Spring Data repository scanning in 84 ms. Found 30 JPA repository interfaces.
2025-05-29T00:25:55.581+09:00  INFO 7632 --- [AOD] [main] o.s.b.w.embedded.tomcat.TomcatWebServer  : Tomcat initialized with port 8080 (http)
2025-05-29T00:25:55.586+09:00  INFO 7632 --- [AOD] [main] o.apache.catalina.core.StandardService   : Starting service [Tomcat]
2025-05-29T00:25:55.586+09:00  INFO 7632 --- [AOD] [main] o.apache.catalina.core.StandardEngine    : Starting Servlet engine: [Apache Tomcat/10.1.39]
2025-05-29T00:25:55.607+09:00  INFO 7632 --- [AOD] [main] o.a.c.c.C.[Tomcat].[localhost].[/]       : Initializing Spring embedded WebApplicationContext
2025-05-29T00:25:55.607+09:00  INFO 7632 --- [AOD] [main] w.s.c.ServletWebServerApplicationContext : Root WebApplicationContext: initialization completed in 692 ms
2025-05-29T00:25:55.637+09:00 DEBUG 7632 --- [AOD] [main] c.e.A.security.JwtAuthenticationFilter   : Filter 'jwtAuthenticationFilter' configured for use
2025-05-29T00:25:55.692+09:00  INFO 7632 --- [AOD] [main] o.hibernate.jpa.internal.util.LogHelper  : HHH000204: Processing PersistenceUnitInfo [name: default]
2025-05-29T00:25:55.720+09:00  INFO 7632 --- [AOD] [main] org.hibernate.Version                    : HHH000412: Hibernate ORM core version 6.6.11.Final
2025-05-29T00:25:55.733+09:00  INFO 7632 --- [AOD] [main] o.h.c.internal.RegionFactoryInitiator    : HHH000026: Second-level cache disabled
2025-05-29T00:25:55.847+09:00  INFO 7632 --- [AOD] [main] o.s.o.j.p.SpringPersistenceUnitInfo      : No LoadTimeWeaver setup: ignoring JPA class transformer
2025-05-29T00:25:55.859+09:00  INFO 7632 --- [AOD] [main] com.zaxxer.hikari.HikariDataSource       : HikariPool-1 - Starting...
2025-05-29T00:25:55.911+09:00  INFO 7632 --- [AOD] [main] com.zaxxer.hikari.pool.HikariPool        : HikariPool-1 - Added connection org.postgresql.jdbc.PgConnection@3aab42d6
2025-05-29T00:25:55.912+09:00  INFO 7632 --- [AOD] [main] com.zaxxer.hikari.HikariDataSource       : HikariPool-1 - Start completed.
2025-05-29T00:25:55.925+09:00  WARN 7632 --- [AOD] [main] org.hibernate.orm.deprecation            : HHH90000025: PostgreSQLDialect does not need to be specified explicitly using 'hibernate.dialect' (remove the property setting and it will be selected by default)
2025-05-29T00:25:55.932+09:00  INFO 7632 --- [AOD] [main] org.hibernate.orm.connections.pooling    : HHH10001005: Database info:
	Database JDBC URL [Connecting through datasource 'HikariDataSource (HikariPool-1)']
	Database driver: undefined/unknown
	Database version: 17.5
	Autocommit mode: undefined/unknown
	Isolation level: undefined/unknown
	Minimum pool size: undefined/unknown
	Maximum pool size: undefined/unknown
2025-05-29T00:25:56.424+09:00  INFO 7632 --- [AOD] [main] o.h.e.t.j.p.i.JtaPlatformInitiator       : HHH000489: No JTA platform available (set 'hibernate.transaction.jta.platform' to enable JTA platform integration)
2025-05-29T00:25:56.626+09:00  INFO 7632 --- [AOD] [main] j.LocalContainerEntityManagerFactoryBean : Initialized JPA EntityManagerFactory for persistence unit 'default'
2025-05-29T00:25:57.038+09:00  INFO 7632 --- [AOD] [main] o.s.d.j.r.query.QueryEnhancerFactory     : Hibernate is in classpath; If applicable, HQL parser will be used.
2025-05-29T00:25:57.461+09:00  WARN 7632 --- [AOD] [main] JpaBaseConfiguration$JpaWebConfiguration : spring.jpa.open-in-view is enabled by default. Therefore, database queries may be performed during view rendering. Explicitly configure spring.jpa.open-in-view to disable this warning
2025-05-29T00:25:57.476+09:00  WARN 7632 --- [AOD] [main] .s.s.UserDetailsServiceAutoConfiguration : 

Using generated security password: 2c3eaa8d-a47b-4d61-bfcd-efd4389ce0b6

This generated password is for development use only. Your security configuration must be updated before running your application in production.

2025-05-29T00:25:57.479+09:00  INFO 7632 --- [AOD] [main] r$InitializeUserDetailsManagerConfigurer : Global AuthenticationManager configured with UserDetailsService bean with name inMemoryUserDetailsManager
2025-05-29T00:25:57.696+09:00  INFO 7632 --- [AOD] [main] o.s.v.b.OptionalValidatorFactoryBean     : Failed to set up a Bean Validation provider: jakarta.validation.NoProviderFoundException: Unable to create a Configuration, because no Jakarta Bean Validation provider could be found. Add a provider like Hibernate Validator (RI) to your classpath.
2025-05-29T00:25:57.915+09:00  INFO 7632 --- [AOD] [main] o.s.b.w.embedded.tomcat.TomcatWebServer  : Tomcat started on port 8080 (http) with context path '/'
2025-05-29T00:25:57.922+09:00  INFO 7632 --- [AOD] [main] com.example.AOD.AodApplication           : Started AodApplication in 3.162 seconds (process running for 3.434)
2025-05-29T00:26:20.215+09:00  INFO 7632 --- [AOD] [http-nio-8080-exec-1] o.a.c.c.C.[Tomcat].[localhost].[/]       : Initializing Spring DispatcherServlet 'dispatcherServlet'
2025-05-29T00:26:20.216+09:00  INFO 7632 --- [AOD] [http-nio-8080-exec-1] o.s.web.servlet.DispatcherServlet        : Initializing Servlet 'dispatcherServlet'
2025-05-29T00:26:20.217+09:00  INFO 7632 --- [AOD] [http-nio-8080-exec-1] o.s.web.servlet.DispatcherServlet        : Completed initialization in 1 ms
2025-05-29T00:26:20.619+09:00  INFO 7632 --- [AOD] [http-nio-8080-exec-9] o.springdoc.api.AbstractOpenApiResource  : Init duration for springdoc-openapi is: 240 ms
2025-05-29T00:40:48.213+09:00  INFO 7632 --- [AOD] [SpringApplicationShutdownHook] o.s.b.w.e.tomcat.GracefulShutdown        : Commencing graceful shutdown. Waiting for active requests to complete
2025-05-29T00:40:48.218+09:00  INFO 7632 --- [AOD] [tomcat-shutdown] o.s.b.w.e.tomcat.GracefulShutdown        : Graceful shutdown complete
2025-05-29T00:40:48.240+09:00  INFO 7632 --- [AOD] [SpringApplicationShutdownHook] j.LocalContainerEntityManagerFactoryBean : Closing JPA EntityManagerFactory for persistence unit 'default'
2025-05-29T00:40:48.244+09:00  INFO 7632 --- [AOD] [SpringApplicationShutdownHook] com.zaxxer.hikari.HikariDataSource       : HikariPool-1 - Shutdown initiated...
2025-05-29T00:40:48.245+09:00  INFO 7632 --- [AOD] [SpringApplicationShutdownHook] com.zaxxer.hikari.HikariDataSource       : HikariPool-1 - Shutdown completed.
2025-05-29T00:40:54.557+09:00  INFO 20947 --- [AOD] [main] com.example.AOD.AodApplication           : Starting AodApplication using Java 17.0.14 with PID 20947 (/Users/kang/-AOD-All-of-Dopamine-back/build/classes/java/main started by kang in /Users/kang/-AOD-All-of-Dopamine-back)
2025-05-29T00:40:54.558+09:00 DEBUG 20947 --- [AOD] [main] com.example.AOD.AodApplication           : Running with Spring Boot v3.4.4, Spring v6.2.5
2025-05-29T00:40:54.558+09:00  INFO 20947 --- [AOD] [main] com.example.AOD.AodApplication           : No active profile set, falling back to 1 default profile: "default"
2025-05-29T00:40:54.878+09:00  INFO 20947 --- [AOD] [main] .s.d.r.c.RepositoryConfigurationDelegate : Bootstrapping Spring Data JPA repositories in DEFAULT mode.
2025-05-29T00:40:54.963+09:00  INFO 20947 --- [AOD] [main] .s.d.r.c.RepositoryConfigurationDelegate : Finished Spring Data repository scanning in 80 ms. Found 30 JPA repository interfaces.
2025-05-29T00:40:55.215+09:00  INFO 20947 --- [AOD] [main] o.s.b.w.embedded.tomcat.TomcatWebServer  : Tomcat initialized with port 8080 (http)
2025-05-29T00:40:55.220+09:00  INFO 20947 --- [AOD] [main] o.apache.catalina.core.StandardService   : Starting service [Tomcat]
2025-05-29T00:40:55.220+09:00  INFO 20947 --- [AOD] [main] o.apache.catalina.core.StandardEngine    : Starting Servlet engine: [Apache Tomcat/10.1.39]
2025-05-29T00:40:55.241+09:00  INFO 20947 --- [AOD] [main] o.a.c.c.C.[Tomcat].[localhost].[/]       : Initializing Spring embedded WebApplicationContext
2025-05-29T00:40:55.241+09:00  INFO 20947 --- [AOD] [main] w.s.c.ServletWebServerApplicationContext : Root WebApplicationContext: initialization completed in 666 ms
2025-05-29T00:40:55.273+09:00 DEBUG 20947 --- [AOD] [main] c.e.A.security.JwtAuthenticationFilter   : Filter 'jwtAuthenticationFilter' configured for use
2025-05-29T00:40:55.322+09:00  INFO 20947 --- [AOD] [main] o.hibernate.jpa.internal.util.LogHelper  : HHH000204: Processing PersistenceUnitInfo [name: default]
2025-05-29T00:40:55.344+09:00  INFO 20947 --- [AOD] [main] org.hibernate.Version                    : HHH000412: Hibernate ORM core version 6.6.11.Final
2025-05-29T00:40:55.354+09:00  INFO 20947 --- [AOD] [main] o.h.c.internal.RegionFactoryInitiator    : HHH000026: Second-level cache disabled
2025-05-29T00:40:55.444+09:00  INFO 20947 --- [AOD] [main] o.s.o.j.p.SpringPersistenceUnitInfo      : No LoadTimeWeaver setup: ignoring JPA class transformer
2025-05-29T00:40:55.454+09:00  INFO 20947 --- [AOD] [main] com.zaxxer.hikari.HikariDataSource       : HikariPool-1 - Starting...
2025-05-29T00:40:55.513+09:00  INFO 20947 --- [AOD] [main] com.zaxxer.hikari.pool.HikariPool        : HikariPool-1 - Added connection org.postgresql.jdbc.PgConnection@17332039
2025-05-29T00:40:55.514+09:00  INFO 20947 --- [AOD] [main] com.zaxxer.hikari.HikariDataSource       : HikariPool-1 - Start completed.
2025-05-29T00:40:55.525+09:00  WARN 20947 --- [AOD] [main] org.hibernate.orm.deprecation            : HHH90000025: PostgreSQLDialect does not need to be specified explicitly using 'hibernate.dialect' (remove the property setting and it will be selected by default)
2025-05-29T00:40:55.532+09:00  INFO 20947 --- [AOD] [main] org.hibernate.orm.connections.pooling    : HHH10001005: Database info:
	Database JDBC URL [Connecting through datasource 'HikariDataSource (HikariPool-1)']
	Database driver: undefined/unknown
	Database version: 17.5
	Autocommit mode: undefined/unknown
	Isolation level: undefined/unknown
	Minimum pool size: undefined/unknown
	Maximum pool size: undefined/unknown
2025-05-29T00:40:55.982+09:00  INFO 20947 --- [AOD] [main] o.h.e.t.j.p.i.JtaPlatformInitiator       : HHH000489: No JTA platform available (set 'hibernate.transaction.jta.platform' to enable JTA platform integration)
2025-05-29T00:40:56.211+09:00  INFO 20947 --- [AOD] [main] j.LocalContainerEntityManagerFactoryBean : Initialized JPA EntityManagerFactory for persistence unit 'default'
2025-05-29T00:40:56.613+09:00  INFO 20947 --- [AOD] [main] o.s.d.j.r.query.QueryEnhancerFactory     : Hibernate is in classpath; If applicable, HQL parser will be used.
2025-05-29T00:40:57.015+09:00  WARN 20947 --- [AOD] [main] JpaBaseConfiguration$JpaWebConfiguration : spring.jpa.open-in-view is enabled by default. Therefore, database queries may be performed during view rendering. Explicitly configure spring.jpa.open-in-view to disable this warning
2025-05-29T00:40:57.035+09:00  WARN 20947 --- [AOD] [main] .s.s.UserDetailsServiceAutoConfiguration : 

Using generated security password: 58258bfe-ab6e-4423-ac58-748856e8a2fc

This generated password is for development use only. Your security configuration must be updated before running your application in production.

2025-05-29T00:40:57.039+09:00  INFO 20947 --- [AOD] [main] r$InitializeUserDetailsManagerConfigurer : Global AuthenticationManager configured with UserDetailsService bean with name inMemoryUserDetailsManager
2025-05-29T00:40:57.275+09:00  INFO 20947 --- [AOD] [main] o.s.v.b.OptionalValidatorFactoryBean     : Failed to set up a Bean Validation provider: jakarta.validation.NoProviderFoundException: Unable to create a Configuration, because no Jakarta Bean Validation provider could be found. Add a provider like Hibernate Validator (RI) to your classpath.
2025-05-29T00:40:57.467+09:00  INFO 20947 --- [AOD] [main] o.s.b.w.embedded.tomcat.TomcatWebServer  : Tomcat started on port 8080 (http) with context path '/'
2025-05-29T00:40:57.473+09:00  INFO 20947 --- [AOD] [main] com.example.AOD.AodApplication           : Started AodApplication in 3.058 seconds (process running for 3.283)
2025-05-29T00:40:57.474+09:00  INFO 20947 --- [AOD] [SpringApplicationShutdownHook] o.s.b.w.e.tomcat.GracefulShutdown        : Commencing graceful shutdown. Waiting for active requests to complete
2025-05-29T00:40:57.477+09:00  INFO 20947 --- [AOD] [tomcat-shutdown] o.s.b.w.e.tomcat.GracefulShutdown        : Graceful shutdown complete
2025-05-29T00:40:57.489+09:00  INFO 20947 --- [AOD] [SpringApplicationShutdownHook] j.LocalContainerEntityManagerFactoryBean : Closing JPA EntityManagerFactory for persistence unit 'default'
2025-05-29T00:40:57.490+09:00  INFO 20947 --- [AOD] [SpringApplicationShutdownHook] com.zaxxer.hikari.HikariDataSource       : HikariPool-1 - Shutdown initiated...
2025-05-29T00:40:57.491+09:00  INFO 20947 --- [AOD] [SpringApplicationShutdownHook] com.zaxxer.hikari.HikariDataSource       : HikariPool-1 - Shutdown completed.
2025-05-29T00:42:09.965+09:00  INFO 22090 --- [AOD] [main] com.example.AOD.AodApplication           : Starting AodApplication using Java 17.0.14 with PID 22090 (/Users/kang/-AOD-All-of-Dopamine-back/build/classes/java/main started by kang in /Users/kang/-AOD-All-of-Dopamine-back)
2025-05-29T00:42:09.966+09:00 DEBUG 22090 --- [AOD] [main] com.example.AOD.AodApplication           : Running with Spring Boot v3.4.4, Spring v6.2.5
2025-05-29T00:42:09.967+09:00  INFO 22090 --- [AOD] [main] com.example.AOD.AodApplication           : No active profile set, falling back to 1 default profile: "default"
2025-05-29T00:42:10.298+09:00  INFO 22090 --- [AOD] [main] .s.d.r.c.RepositoryConfigurationDelegate : Bootstrapping Spring Data JPA repositories in DEFAULT mode.
2025-05-29T00:42:10.380+09:00  INFO 22090 --- [AOD] [main] .s.d.r.c.RepositoryConfigurationDelegate : Finished Spring Data repository scanning in 78 ms. Found 30 JPA repository interfaces.
2025-05-29T00:42:10.641+09:00  INFO 22090 --- [AOD] [main] o.s.b.w.embedded.tomcat.TomcatWebServer  : Tomcat initialized with port 8080 (http)
2025-05-29T00:42:10.647+09:00  INFO 22090 --- [AOD] [main] o.apache.catalina.core.StandardService   : Starting service [Tomcat]
2025-05-29T00:42:10.647+09:00  INFO 22090 --- [AOD] [main] o.apache.catalina.core.StandardEngine    : Starting Servlet engine: [Apache Tomcat/10.1.39]
2025-05-29T00:42:10.674+09:00  INFO 22090 --- [AOD] [main] o.a.c.c.C.[Tomcat].[localhost].[/]       : Initializing Spring embedded WebApplicationContext
2025-05-29T00:42:10.674+09:00  INFO 22090 --- [AOD] [main] w.s.c.ServletWebServerApplicationContext : Root WebApplicationContext: initialization completed in 690 ms
2025-05-29T00:42:10.704+09:00 DEBUG 22090 --- [AOD] [main] c.e.A.security.JwtAuthenticationFilter   : Filter 'jwtAuthenticationFilter' configured for use
2025-05-29T00:42:10.758+09:00  INFO 22090 --- [AOD] [main] o.hibernate.jpa.internal.util.LogHelper  : HHH000204: Processing PersistenceUnitInfo [name: default]
2025-05-29T00:42:10.787+09:00  INFO 22090 --- [AOD] [main] org.hibernate.Version                    : HHH000412: Hibernate ORM core version 6.6.11.Final
2025-05-29T00:42:10.801+09:00  INFO 22090 --- [AOD] [main] o.h.c.internal.RegionFactoryInitiator    : HHH000026: Second-level cache disabled
2025-05-29T00:42:10.907+09:00  INFO 22090 --- [AOD] [main] o.s.o.j.p.SpringPersistenceUnitInfo      : No LoadTimeWeaver setup: ignoring JPA class transformer
2025-05-29T00:42:10.919+09:00  INFO 22090 --- [AOD] [main] com.zaxxer.hikari.HikariDataSource       : HikariPool-1 - Starting...
2025-05-29T00:42:10.970+09:00  INFO 22090 --- [AOD] [main] com.zaxxer.hikari.pool.HikariPool        : HikariPool-1 - Added connection org.postgresql.jdbc.PgConnection@731ab49b
2025-05-29T00:42:10.971+09:00  INFO 22090 --- [AOD] [main] com.zaxxer.hikari.HikariDataSource       : HikariPool-1 - Start completed.
2025-05-29T00:42:10.984+09:00  WARN 22090 --- [AOD] [main] org.hibernate.orm.deprecation            : HHH90000025: PostgreSQLDialect does not need to be specified explicitly using 'hibernate.dialect' (remove the property setting and it will be selected by default)
2025-05-29T00:42:10.991+09:00  INFO 22090 --- [AOD] [main] org.hibernate.orm.connections.pooling    : HHH10001005: Database info:
	Database JDBC URL [Connecting through datasource 'HikariDataSource (HikariPool-1)']
	Database driver: undefined/unknown
	Database version: 17.5
	Autocommit mode: undefined/unknown
	Isolation level: undefined/unknown
	Minimum pool size: undefined/unknown
	Maximum pool size: undefined/unknown
2025-05-29T00:42:11.457+09:00  INFO 22090 --- [AOD] [main] o.h.e.t.j.p.i.JtaPlatformInitiator       : HHH000489: No JTA platform available (set 'hibernate.transaction.jta.platform' to enable JTA platform integration)
2025-05-29T00:42:11.756+09:00  INFO 22090 --- [AOD] [main] j.LocalContainerEntityManagerFactoryBean : Initialized JPA EntityManagerFactory for persistence unit 'default'
2025-05-29T00:42:12.160+09:00  INFO 22090 --- [AOD] [main] o.s.d.j.r.query.QueryEnhancerFactory     : Hibernate is in classpath; If applicable, HQL parser will be used.
2025-05-29T00:42:12.545+09:00  WARN 22090 --- [AOD] [main] JpaBaseConfiguration$JpaWebConfiguration : spring.jpa.open-in-view is enabled by default. Therefore, database queries may be performed during view rendering. Explicitly configure spring.jpa.open-in-view to disable this warning
2025-05-29T00:42:12.558+09:00  WARN 22090 --- [AOD] [main] .s.s.UserDetailsServiceAutoConfiguration : 

Using generated security password: 92db8278-597b-4105-ac0d-6e553a5ad1b9

This generated password is for development use only. Your security configuration must be updated before running your application in production.

2025-05-29T00:42:12.561+09:00  INFO 22090 --- [AOD] [main] r$InitializeUserDetailsManagerConfigurer : Global AuthenticationManager configured with UserDetailsService bean with name inMemoryUserDetailsManager
2025-05-29T00:42:12.745+09:00  INFO 22090 --- [AOD] [main] o.s.v.b.OptionalValidatorFactoryBean     : Failed to set up a Bean Validation provider: jakarta.validation.NoProviderFoundException: Unable to create a Configuration, because no Jakarta Bean Validation provider could be found. Add a provider like Hibernate Validator (RI) to your classpath.
2025-05-29T00:42:12.944+09:00  INFO 22090 --- [AOD] [main] o.s.b.w.embedded.tomcat.TomcatWebServer  : Tomcat started on port 8080 (http) with context path '/'
2025-05-29T00:42:12.950+09:00  INFO 22090 --- [AOD] [main] com.example.AOD.AodApplication           : Started AodApplication in 3.126 seconds (process running for 3.367)
2025-05-29T00:42:42.445+09:00  INFO 22090 --- [AOD] [http-nio-8080-exec-1] o.a.c.c.C.[Tomcat].[localhost].[/]       : Initializing Spring DispatcherServlet 'dispatcherServlet'
2025-05-29T00:42:42.445+09:00  INFO 22090 --- [AOD] [http-nio-8080-exec-1] o.s.web.servlet.DispatcherServlet        : Initializing Servlet 'dispatcherServlet'
2025-05-29T00:42:42.446+09:00  INFO 22090 --- [AOD] [http-nio-8080-exec-1] o.s.web.servlet.DispatcherServlet        : Completed initialization in 1 ms
2025-05-29T00:42:42.849+09:00  INFO 22090 --- [AOD] [http-nio-8080-exec-9] o.springdoc.api.AbstractOpenApiResource  : Init duration for springdoc-openapi is: 232 ms
2025-05-29T00:44:34.581+09:00  WARN 22090 --- [AOD] [http-nio-8080-exec-7] .w.s.m.s.DefaultHandlerExceptionResolver : Ignoring exception, response committed already: org.springframework.http.converter.HttpMessageNotWritableException: Could not write JSON: Document nesting depth (1001) exceeds the maximum allowed (1000, from `StreamWriteConstraints.getMaxNestingDepth()`)
2025-05-29T00:44:34.582+09:00  WARN 22090 --- [AOD] [http-nio-8080-exec-7] .w.s.m.s.DefaultHandlerExceptionResolver : Resolved [org.springframework.http.converter.HttpMessageNotWritableException: Could not write JSON: Document nesting depth (1001) exceeds the maximum allowed (1000, from `StreamWriteConstraints.getMaxNestingDepth()`)]
2025-05-29T00:45:55.470+09:00  WARN 22090 --- [AOD] [http-nio-8080-exec-1] .w.s.m.s.DefaultHandlerExceptionResolver : Ignoring exception, response committed already: org.springframework.http.converter.HttpMessageNotWritableException: Could not write JSON: Document nesting depth (1001) exceeds the maximum allowed (1000, from `StreamWriteConstraints.getMaxNestingDepth()`)
2025-05-29T00:45:55.470+09:00  WARN 22090 --- [AOD] [http-nio-8080-exec-1] .w.s.m.s.DefaultHandlerExceptionResolver : Resolved [org.springframework.http.converter.HttpMessageNotWritableException: Could not write JSON: Document nesting depth (1001) exceeds the maximum allowed (1000, from `StreamWriteConstraints.getMaxNestingDepth()`)]
2025-05-29T00:46:08.658+09:00  WARN 22090 --- [AOD] [http-nio-8080-exec-10] .w.s.m.s.DefaultHandlerExceptionResolver : Ignoring exception, response committed already: org.springframework.http.converter.HttpMessageNotWritableException: Could not write JSON: Document nesting depth (1001) exceeds the maximum allowed (1000, from `StreamWriteConstraints.getMaxNestingDepth()`)
2025-05-29T00:46:08.658+09:00  WARN 22090 --- [AOD] [http-nio-8080-exec-10] .w.s.m.s.DefaultHandlerExceptionResolver : Resolved [org.springframework.http.converter.HttpMessageNotWritableException: Could not write JSON: Document nesting depth (1001) exceeds the maximum allowed (1000, from `StreamWriteConstraints.getMaxNestingDepth()`)]
2025-05-29T00:48:38.984+09:00  WARN 22090 --- [AOD] [HikariPool-1 housekeeper] com.zaxxer.hikari.pool.HikariPool        : HikariPool-1 - Retrograde clock change detected (housekeeper delta=27s861ms), soft-evicting connections from pool.
2025-05-29T00:50:08.801+09:00  WARN 22090 --- [AOD] [http-nio-8080-exec-6] .w.s.m.s.DefaultHandlerExceptionResolver : Ignoring exception, response committed already: org.springframework.http.converter.HttpMessageNotWritableException: Could not write JSON: Document nesting depth (1001) exceeds the maximum allowed (1000, from `StreamWriteConstraints.getMaxNestingDepth()`)
2025-05-29T00:50:08.803+09:00  WARN 22090 --- [AOD] [http-nio-8080-exec-6] .w.s.m.s.DefaultHandlerExceptionResolver : Resolved [org.springframework.http.converter.HttpMessageNotWritableException: Could not write JSON: Document nesting depth (1001) exceeds the maximum allowed (1000, from `StreamWriteConstraints.getMaxNestingDepth()`)]
2025-05-29T00:50:56.442+09:00  WARN 22090 --- [AOD] [http-nio-8080-exec-6] .w.s.m.s.DefaultHandlerExceptionResolver : Ignoring exception, response committed already: org.springframework.http.converter.HttpMessageNotWritableException: Could not write JSON: Document nesting depth (1001) exceeds the maximum allowed (1000, from `StreamWriteConstraints.getMaxNestingDepth()`)
2025-05-29T00:50:56.442+09:00  WARN 22090 --- [AOD] [http-nio-8080-exec-6] .w.s.m.s.DefaultHandlerExceptionResolver : Resolved [org.springframework.http.converter.HttpMessageNotWritableException: Could not write JSON: Document nesting depth (1001) exceeds the maximum allowed (1000, from `StreamWriteConstraints.getMaxNestingDepth()`)]
2025-05-29T00:53:42.003+09:00  INFO 22090 --- [AOD] [SpringApplicationShutdownHook] o.s.b.w.e.tomcat.GracefulShutdown        : Commencing graceful shutdown. Waiting for active requests to complete
2025-05-29T00:53:42.009+09:00  INFO 22090 --- [AOD] [tomcat-shutdown] o.s.b.w.e.tomcat.GracefulShutdown        : Graceful shutdown complete
2025-05-29T00:53:42.031+09:00  INFO 22090 --- [AOD] [SpringApplicationShutdownHook] j.LocalContainerEntityManagerFactoryBean : Closing JPA EntityManagerFactory for persistence unit 'default'
2025-05-29T00:53:42.033+09:00  INFO 22090 --- [AOD] [SpringApplicationShutdownHook] com.zaxxer.hikari.HikariDataSource       : HikariPool-1 - Shutdown initiated...
2025-05-29T00:53:42.033+09:00  INFO 22090 --- [AOD] [SpringApplicationShutdownHook] com.zaxxer.hikari.HikariDataSource       : HikariPool-1 - Shutdown completed.
2025-05-29T00:55:41.954+09:00  INFO 34138 --- [AOD] [main] com.example.AOD.AodApplication           : Starting AodApplication using Java 17.0.14 with PID 34138 (/Users/kang/-AOD-All-of-Dopamine-back/build/classes/java/main started by kang in /Users/kang/-AOD-All-of-Dopamine-back)
2025-05-29T00:55:41.956+09:00 DEBUG 34138 --- [AOD] [main] com.example.AOD.AodApplication           : Running with Spring Boot v3.4.4, Spring v6.2.5
2025-05-29T00:55:41.956+09:00  INFO 34138 --- [AOD] [main] com.example.AOD.AodApplication           : No active profile set, falling back to 1 default profile: "default"
2025-05-29T00:55:42.301+09:00  INFO 34138 --- [AOD] [main] .s.d.r.c.RepositoryConfigurationDelegate : Bootstrapping Spring Data JPA repositories in DEFAULT mode.
2025-05-29T00:55:42.385+09:00  INFO 34138 --- [AOD] [main] .s.d.r.c.RepositoryConfigurationDelegate : Finished Spring Data repository scanning in 80 ms. Found 30 JPA repository interfaces.
2025-05-29T00:55:42.703+09:00  INFO 34138 --- [AOD] [main] o.s.b.w.embedded.tomcat.TomcatWebServer  : Tomcat initialized with port 8080 (http)
2025-05-29T00:55:42.709+09:00  INFO 34138 --- [AOD] [main] o.apache.catalina.core.StandardService   : Starting service [Tomcat]
2025-05-29T00:55:42.709+09:00  INFO 34138 --- [AOD] [main] o.apache.catalina.core.StandardEngine    : Starting Servlet engine: [Apache Tomcat/10.1.39]
2025-05-29T00:55:42.737+09:00  INFO 34138 --- [AOD] [main] o.a.c.c.C.[Tomcat].[localhost].[/]       : Initializing Spring embedded WebApplicationContext
2025-05-29T00:55:42.737+09:00  INFO 34138 --- [AOD] [main] w.s.c.ServletWebServerApplicationContext : Root WebApplicationContext: initialization completed in 764 ms
2025-05-29T00:55:42.775+09:00 DEBUG 34138 --- [AOD] [main] c.e.A.security.JwtAuthenticationFilter   : Filter 'jwtAuthenticationFilter' configured for use
2025-05-29T00:55:42.833+09:00  INFO 34138 --- [AOD] [main] o.hibernate.jpa.internal.util.LogHelper  : HHH000204: Processing PersistenceUnitInfo [name: default]
2025-05-29T00:55:42.864+09:00  INFO 34138 --- [AOD] [main] org.hibernate.Version                    : HHH000412: Hibernate ORM core version 6.6.11.Final
2025-05-29T00:55:42.877+09:00  INFO 34138 --- [AOD] [main] o.h.c.internal.RegionFactoryInitiator    : HHH000026: Second-level cache disabled
2025-05-29T00:55:42.985+09:00  INFO 34138 --- [AOD] [main] o.s.o.j.p.SpringPersistenceUnitInfo      : No LoadTimeWeaver setup: ignoring JPA class transformer
2025-05-29T00:55:42.997+09:00  INFO 34138 --- [AOD] [main] com.zaxxer.hikari.HikariDataSource       : HikariPool-1 - Starting...
2025-05-29T00:55:43.046+09:00  INFO 34138 --- [AOD] [main] com.zaxxer.hikari.pool.HikariPool        : HikariPool-1 - Added connection org.postgresql.jdbc.PgConnection@4d0abb23
2025-05-29T00:55:43.046+09:00  INFO 34138 --- [AOD] [main] com.zaxxer.hikari.HikariDataSource       : HikariPool-1 - Start completed.
2025-05-29T00:55:43.058+09:00  WARN 34138 --- [AOD] [main] org.hibernate.orm.deprecation            : HHH90000025: PostgreSQLDialect does not need to be specified explicitly using 'hibernate.dialect' (remove the property setting and it will be selected by default)
2025-05-29T00:55:43.064+09:00  INFO 34138 --- [AOD] [main] org.hibernate.orm.connections.pooling    : HHH10001005: Database info:
	Database JDBC URL [Connecting through datasource 'HikariDataSource (HikariPool-1)']
	Database driver: undefined/unknown
	Database version: 17.5
	Autocommit mode: undefined/unknown
	Isolation level: undefined/unknown
	Minimum pool size: undefined/unknown
	Maximum pool size: undefined/unknown
2025-05-29T00:55:43.537+09:00  INFO 34138 --- [AOD] [main] o.h.e.t.j.p.i.JtaPlatformInitiator       : HHH000489: No JTA platform available (set 'hibernate.transaction.jta.platform' to enable JTA platform integration)
2025-05-29T00:55:43.768+09:00  INFO 34138 --- [AOD] [main] j.LocalContainerEntityManagerFactoryBean : Initialized JPA EntityManagerFactory for persistence unit 'default'
2025-05-29T00:55:44.205+09:00  INFO 34138 --- [AOD] [main] o.s.d.j.r.query.QueryEnhancerFactory     : Hibernate is in classpath; If applicable, HQL parser will be used.
2025-05-29T00:55:44.593+09:00  WARN 34138 --- [AOD] [main] JpaBaseConfiguration$JpaWebConfiguration : spring.jpa.open-in-view is enabled by default. Therefore, database queries may be performed during view rendering. Explicitly configure spring.jpa.open-in-view to disable this warning
2025-05-29T00:55:44.607+09:00  WARN 34138 --- [AOD] [main] .s.s.UserDetailsServiceAutoConfiguration : 

Using generated security password: 70cb8687-6e77-449f-ae02-3197c36626e3

This generated password is for development use only. Your security configuration must be updated before running your application in production.

2025-05-29T00:55:44.610+09:00  INFO 34138 --- [AOD] [main] r$InitializeUserDetailsManagerConfigurer : Global AuthenticationManager configured with UserDetailsService bean with name inMemoryUserDetailsManager
2025-05-29T00:55:44.802+09:00  INFO 34138 --- [AOD] [main] o.s.v.b.OptionalValidatorFactoryBean     : Failed to set up a Bean Validation provider: jakarta.validation.NoProviderFoundException: Unable to create a Configuration, because no Jakarta Bean Validation provider could be found. Add a provider like Hibernate Validator (RI) to your classpath.
2025-05-29T00:55:45.003+09:00  INFO 34138 --- [AOD] [main] o.s.b.w.embedded.tomcat.TomcatWebServer  : Tomcat started on port 8080 (http) with context path '/'
2025-05-29T00:55:45.010+09:00  INFO 34138 --- [AOD] [main] com.example.AOD.AodApplication           : Started AodApplication in 3.202 seconds (process running for 3.425)
2025-05-29T00:55:46.364+09:00  INFO 34138 --- [AOD] [http-nio-8080-exec-1] o.a.c.c.C.[Tomcat].[localhost].[/]       : Initializing Spring DispatcherServlet 'dispatcherServlet'
2025-05-29T00:55:46.364+09:00  INFO 34138 --- [AOD] [http-nio-8080-exec-1] o.s.web.servlet.DispatcherServlet        : Initializing Servlet 'dispatcherServlet'
2025-05-29T00:55:46.366+09:00  INFO 34138 --- [AOD] [http-nio-8080-exec-1] o.s.web.servlet.DispatcherServlet        : Completed initialization in 2 ms
2025-05-29T00:55:46.691+09:00  INFO 34138 --- [AOD] [http-nio-8080-exec-9] o.springdoc.api.AbstractOpenApiResource  : Init duration for springdoc-openapi is: 201 ms
2025-05-29T00:56:05.534+09:00  WARN 34138 --- [AOD] [http-nio-8080-exec-1] .w.s.m.s.DefaultHandlerExceptionResolver : Ignoring exception, response committed already: org.springframework.http.converter.HttpMessageNotWritableException: Could not write JSON: Document nesting depth (1001) exceeds the maximum allowed (1000, from `StreamWriteConstraints.getMaxNestingDepth()`)
2025-05-29T00:56:05.534+09:00  WARN 34138 --- [AOD] [http-nio-8080-exec-1] .w.s.m.s.DefaultHandlerExceptionResolver : Resolved [org.springframework.http.converter.HttpMessageNotWritableException: Could not write JSON: Document nesting depth (1001) exceeds the maximum allowed (1000, from `StreamWriteConstraints.getMaxNestingDepth()`)]
2025-05-29T00:57:17.070+09:00  INFO 34138 --- [AOD] [SpringApplicationShutdownHook] o.s.b.w.e.tomcat.GracefulShutdown        : Commencing graceful shutdown. Waiting for active requests to complete
2025-05-29T00:57:17.075+09:00  INFO 34138 --- [AOD] [tomcat-shutdown] o.s.b.w.e.tomcat.GracefulShutdown        : Graceful shutdown complete
2025-05-29T00:57:17.093+09:00  INFO 34138 --- [AOD] [SpringApplicationShutdownHook] j.LocalContainerEntityManagerFactoryBean : Closing JPA EntityManagerFactory for persistence unit 'default'
2025-05-29T00:57:17.096+09:00  INFO 34138 --- [AOD] [SpringApplicationShutdownHook] com.zaxxer.hikari.HikariDataSource       : HikariPool-1 - Shutdown initiated...
2025-05-29T00:57:17.099+09:00  INFO 34138 --- [AOD] [SpringApplicationShutdownHook] com.zaxxer.hikari.HikariDataSource       : HikariPool-1 - Shutdown completed.
2025-05-29T01:08:27.070+09:00  INFO 45499 --- [AOD] [main] com.example.AOD.AodApplication           : Starting AodApplication using Java 17.0.14 with PID 45499 (/Users/kang/-AOD-All-of-Dopamine-back/build/classes/java/main started by kang in /Users/kang/-AOD-All-of-Dopamine-back)
2025-05-29T01:08:27.071+09:00 DEBUG 45499 --- [AOD] [main] com.example.AOD.AodApplication           : Running with Spring Boot v3.4.4, Spring v6.2.5
2025-05-29T01:08:27.071+09:00  INFO 45499 --- [AOD] [main] com.example.AOD.AodApplication           : No active profile set, falling back to 1 default profile: "default"
2025-05-29T01:08:27.510+09:00  INFO 45499 --- [AOD] [main] .s.d.r.c.RepositoryConfigurationDelegate : Bootstrapping Spring Data JPA repositories in DEFAULT mode.
2025-05-29T01:08:27.616+09:00  INFO 45499 --- [AOD] [main] .s.d.r.c.RepositoryConfigurationDelegate : Finished Spring Data repository scanning in 100 ms. Found 30 JPA repository interfaces.
2025-05-29T01:08:27.886+09:00  INFO 45499 --- [AOD] [main] o.s.b.w.embedded.tomcat.TomcatWebServer  : Tomcat initialized with port 8080 (http)
2025-05-29T01:08:27.891+09:00  INFO 45499 --- [AOD] [main] o.apache.catalina.core.StandardService   : Starting service [Tomcat]
2025-05-29T01:08:27.891+09:00  INFO 45499 --- [AOD] [main] o.apache.catalina.core.StandardEngine    : Starting Servlet engine: [Apache Tomcat/10.1.39]
2025-05-29T01:08:27.912+09:00  INFO 45499 --- [AOD] [main] o.a.c.c.C.[Tomcat].[localhost].[/]       : Initializing Spring embedded WebApplicationContext
2025-05-29T01:08:27.912+09:00  INFO 45499 --- [AOD] [main] w.s.c.ServletWebServerApplicationContext : Root WebApplicationContext: initialization completed in 823 ms
2025-05-29T01:08:27.942+09:00 DEBUG 45499 --- [AOD] [main] c.e.A.security.JwtAuthenticationFilter   : Filter 'jwtAuthenticationFilter' configured for use
2025-05-29T01:08:28.001+09:00  INFO 45499 --- [AOD] [main] o.hibernate.jpa.internal.util.LogHelper  : HHH000204: Processing PersistenceUnitInfo [name: default]
2025-05-29T01:08:28.032+09:00  INFO 45499 --- [AOD] [main] org.hibernate.Version                    : HHH000412: Hibernate ORM core version 6.6.11.Final
2025-05-29T01:08:28.045+09:00  INFO 45499 --- [AOD] [main] o.h.c.internal.RegionFactoryInitiator    : HHH000026: Second-level cache disabled
2025-05-29T01:08:28.153+09:00  INFO 45499 --- [AOD] [main] o.s.o.j.p.SpringPersistenceUnitInfo      : No LoadTimeWeaver setup: ignoring JPA class transformer
2025-05-29T01:08:28.164+09:00  INFO 45499 --- [AOD] [main] com.zaxxer.hikari.HikariDataSource       : HikariPool-1 - Starting...
2025-05-29T01:08:28.216+09:00  INFO 45499 --- [AOD] [main] com.zaxxer.hikari.pool.HikariPool        : HikariPool-1 - Added connection org.postgresql.jdbc.PgConnection@1fba3fd6
2025-05-29T01:08:28.216+09:00  INFO 45499 --- [AOD] [main] com.zaxxer.hikari.HikariDataSource       : HikariPool-1 - Start completed.
2025-05-29T01:08:28.230+09:00  WARN 45499 --- [AOD] [main] org.hibernate.orm.deprecation            : HHH90000025: PostgreSQLDialect does not need to be specified explicitly using 'hibernate.dialect' (remove the property setting and it will be selected by default)
2025-05-29T01:08:28.236+09:00  INFO 45499 --- [AOD] [main] org.hibernate.orm.connections.pooling    : HHH10001005: Database info:
	Database JDBC URL [Connecting through datasource 'HikariDataSource (HikariPool-1)']
	Database driver: undefined/unknown
	Database version: 17.5
	Autocommit mode: undefined/unknown
	Isolation level: undefined/unknown
	Minimum pool size: undefined/unknown
	Maximum pool size: undefined/unknown
2025-05-29T01:08:28.699+09:00  INFO 45499 --- [AOD] [main] o.h.e.t.j.p.i.JtaPlatformInitiator       : HHH000489: No JTA platform available (set 'hibernate.transaction.jta.platform' to enable JTA platform integration)
2025-05-29T01:08:28.942+09:00  INFO 45499 --- [AOD] [main] j.LocalContainerEntityManagerFactoryBean : Initialized JPA EntityManagerFactory for persistence unit 'default'
2025-05-29T01:08:29.343+09:00  INFO 45499 --- [AOD] [main] o.s.d.j.r.query.QueryEnhancerFactory     : Hibernate is in classpath; If applicable, HQL parser will be used.
2025-05-29T01:08:29.730+09:00  WARN 45499 --- [AOD] [main] JpaBaseConfiguration$JpaWebConfiguration : spring.jpa.open-in-view is enabled by default. Therefore, database queries may be performed during view rendering. Explicitly configure spring.jpa.open-in-view to disable this warning
2025-05-29T01:08:29.743+09:00  WARN 45499 --- [AOD] [main] .s.s.UserDetailsServiceAutoConfiguration : 

Using generated security password: 2084a08f-f1b4-4a47-a317-6960f65c85a6

This generated password is for development use only. Your security configuration must be updated before running your application in production.

2025-05-29T01:08:29.746+09:00  INFO 45499 --- [AOD] [main] r$InitializeUserDetailsManagerConfigurer : Global AuthenticationManager configured with UserDetailsService bean with name inMemoryUserDetailsManager
2025-05-29T01:08:29.934+09:00  INFO 45499 --- [AOD] [main] o.s.v.b.OptionalValidatorFactoryBean     : Failed to set up a Bean Validation provider: jakarta.validation.NoProviderFoundException: Unable to create a Configuration, because no Jakarta Bean Validation provider could be found. Add a provider like Hibernate Validator (RI) to your classpath.
2025-05-29T01:08:30.144+09:00  INFO 45499 --- [AOD] [main] o.s.b.w.embedded.tomcat.TomcatWebServer  : Tomcat started on port 8080 (http) with context path '/'
2025-05-29T01:08:30.150+09:00  INFO 45499 --- [AOD] [main] com.example.AOD.AodApplication           : Started AodApplication in 3.22 seconds (process running for 3.443)
2025-05-29T01:08:46.377+09:00  INFO 45499 --- [AOD] [http-nio-8080-exec-1] o.a.c.c.C.[Tomcat].[localhost].[/]       : Initializing Spring DispatcherServlet 'dispatcherServlet'
2025-05-29T01:08:46.377+09:00  INFO 45499 --- [AOD] [http-nio-8080-exec-1] o.s.web.servlet.DispatcherServlet        : Initializing Servlet 'dispatcherServlet'
2025-05-29T01:08:46.379+09:00  INFO 45499 --- [AOD] [http-nio-8080-exec-1] o.s.web.servlet.DispatcherServlet        : Completed initialization in 2 ms
2025-05-29T01:08:46.750+09:00  INFO 45499 --- [AOD] [http-nio-8080-exec-9] o.springdoc.api.AbstractOpenApiResource  : Init duration for springdoc-openapi is: 212 ms
2025-05-29T01:10:47.347+09:00  INFO 45499 --- [AOD] [SpringApplicationShutdownHook] o.s.b.w.e.tomcat.GracefulShutdown        : Commencing graceful shutdown. Waiting for active requests to complete
2025-05-29T01:10:47.352+09:00  INFO 45499 --- [AOD] [tomcat-shutdown] o.s.b.w.e.tomcat.GracefulShutdown        : Graceful shutdown complete
2025-05-29T01:10:47.371+09:00  INFO 45499 --- [AOD] [SpringApplicationShutdownHook] j.LocalContainerEntityManagerFactoryBean : Closing JPA EntityManagerFactory for persistence unit 'default'
2025-05-29T01:10:47.373+09:00  INFO 45499 --- [AOD] [SpringApplicationShutdownHook] com.zaxxer.hikari.HikariDataSource       : HikariPool-1 - Shutdown initiated...
2025-05-29T01:10:47.375+09:00  INFO 45499 --- [AOD] [SpringApplicationShutdownHook] com.zaxxer.hikari.HikariDataSource       : HikariPool-1 - Shutdown completed.
